2023-12-04 12:28:05,316 - 8393022976 - INFO - Tables List: [<classes.table_classes.Roulette object at 0x1281224d0>, <classes.table_classes.BlackJack object at 0x1179ff550>, <classes.table_classes.Poker object at 0x117d3ef10>]
2023-12-04 12:28:05,317 - 8393022976 - INFO - Dealers List: [<classes.dealer_class.Dealer object at 0x117c9c590>, <classes.dealer_class.Dealer object at 0x117c7ae50>, <classes.dealer_class.Dealer object at 0x116c56bd0>, <classes.dealer_class.Dealer object at 0x116dae710>, <classes.dealer_class.Dealer object at 0x128122850>, <classes.dealer_class.Dealer object at 0x128122750>, <classes.dealer_class.Dealer object at 0x1281228d0>, <classes.dealer_class.Dealer object at 0x128122910>, <classes.dealer_class.Dealer object at 0x128122990>, <classes.dealer_class.Dealer object at 0x128122690>]
2023-12-04 12:28:05,318 - 8393022976 - INFO - Bartenders List: [<classes.bartender_class.Bartender object at 0x128122890>, <classes.bartender_class.Bartender object at 0x117cfe290>]
2023-12-04 12:28:05,319 - 8393022976 - INFO - Bouncers List: [<classes.bouncer_class.Bouncer object at 0x128122650>, <classes.bouncer_class.Bouncer object at 0x116ce1710>, <classes.bouncer_class.Bouncer object at 0x1281229d0>, <classes.bouncer_class.Bouncer object at 0x128122bd0>]
2023-12-04 12:28:05,356 - 8393022976 - INFO - Successfully created database casino
2023-12-04 12:28:05,370 - 8393022976 - INFO - Successfully created table [customers]
2023-12-04 12:28:05,383 - 8393022976 - INFO - Successfully created table [transactions]
2023-12-04 12:28:05,383 - 8393022976 - INFO - 

********** Duration: 150 | Starting Balance: 100000000 **********
 Tables: 3 | Dealers: 10 | Bouncers: 4 | Bartenders: 2 | Customers: 60


2023-12-04 12:28:05,383 - 8393022976 - INFO - Starting Main Thread
2023-12-04 12:28:05,384 - 6157250560 - INFO - Running Roulette Table [0] thread
2023-12-04 12:28:05,384 - 6174076928 - INFO - Running Blackjack Table [1] thread
2023-12-04 12:28:05,384 - 6190903296 - INFO - Running Poker Table [2] thread
2023-12-04 12:28:05,384 - 6207729664 - INFO - Running Dealer [0] thread
2023-12-04 12:28:05,390 - 6224556032 - INFO - Running Dealer [1] thread
2023-12-04 12:28:05,397 - 6241382400 - INFO - Running Dealer [2] thread
2023-12-04 12:28:05,428 - 6258208768 - INFO - Running Dealer [3] thread
2023-12-04 12:28:05,466 - 6275035136 - INFO - Running Dealer [4] thread
2023-12-04 12:28:05,484 - 6291861504 - INFO - Running Dealer [5] thread
2023-12-04 12:28:05,528 - 6308687872 - INFO - Running Dealer [6] thread
2023-12-04 12:28:05,641 - 6325514240 - INFO - Running Dealer [7] thread
2023-12-04 12:28:05,716 - 6342340608 - INFO - Running Dealer [8] thread
2023-12-04 12:28:05,754 - 6359166976 - INFO - Running Dealer [9] thread
2023-12-04 12:28:05,797 - 6375993344 - INFO - Running Bartender [0] thread
2023-12-04 12:28:06,048 - 6392819712 - INFO - Running Bartender [1] thread
2023-12-04 12:28:06,123 - 6409646080 - INFO - Running Bouncer [0] thread
2023-12-04 12:28:06,453 - 6426472448 - INFO - Running Bouncer [1] thread
2023-12-04 12:28:06,710 - 10754224128 - INFO - Running Bouncer [2] thread
2023-12-04 12:28:07,035 - 10771050496 - INFO - Running Bouncer [3] thread
2023-12-04 12:28:07,159 - 8393022976 - INFO - Table threads: [<Future at 0x116464490 state=running>, <Future at 0x117c5b410 state=running>, <Future at 0x12812c610 state=running>]
2023-12-04 12:28:07,340 - 8393022976 - INFO - Dealer threads: [<Future at 0x12812c850 state=running>, <Future at 0x12812cb10 state=running>, <Future at 0x12812d190 state=running>, <Future at 0x12812d450 state=running>, <Future at 0x12812d990 state=running>, <Future at 0x12812de50 state=running>, <Future at 0x12812e190 state=running>, <Future at 0x12812e5d0 state=running>, <Future at 0x12812ea10 state=running>, <Future at 0x12812ed10 state=running>]
2023-12-04 12:28:07,647 - 8393022976 - INFO - Bartender threads: [<Future at 0x12812f210 state=running>, <Future at 0x12812f550 state=running>]
2023-12-04 12:28:07,678 - 8393022976 - INFO - Bouncer threads: [<Future at 0x12812fad0 state=running>, <Future at 0x12812fc90 state=running>, <Future at 0x1281440d0 state=running>, <Future at 0x128144510 state=running>]
2023-12-04 12:28:07,827 - 8393022976 - INFO - The Casino is now open.
2023-12-04 12:29:08,568 - 8393022976 - INFO - Successfully inserted [('Casino', 0)] into table [transactions]
2023-12-04 12:29:09,110 - 11623018496 - INFO - Running Customer [0] thread
2023-12-04 12:29:09,166 - 11639844864 - INFO - Running Customer [1] thread
2023-12-04 12:29:09,178 - 11623018496 - INFO - Customer [0]: Entered bouncer queue
2023-12-04 12:29:09,285 - 11656671232 - INFO - Running Customer [2] thread
2023-12-04 12:29:09,384 - 11639844864 - INFO - Customer [1]: Entered bouncer queue
2023-12-04 12:29:09,577 - 11673497600 - INFO - Running Customer [3] thread
2023-12-04 12:29:10,032 - 11690323968 - INFO - Running Customer [4] thread
2023-12-04 12:29:10,082 - 11656671232 - INFO - Customer [2]: Entered bouncer queue
2023-12-04 12:29:10,151 - 6409646080 - INFO - Bouncer [0]: Kicked out customer [0]
2023-12-04 12:29:10,164 - 11707150336 - INFO - Running Customer [5] thread
2023-12-04 12:29:10,264 - 11723976704 - INFO - Running Customer [6] thread
2023-12-04 12:29:10,501 - 11740803072 - INFO - Running Customer [7] thread
2023-12-04 12:29:10,595 - 11673497600 - INFO - Customer [3]: Entered bouncer queue
2023-12-04 12:29:10,632 - 11690323968 - INFO - Customer [4]: Entered bouncer queue
2023-12-04 12:29:10,676 - 11757629440 - INFO - Running Customer [8] thread
2023-12-04 12:29:10,726 - 10754224128 - INFO - Bouncer [2]: Allowed customer [1] to enter
2023-12-04 12:29:10,844 - 11774455808 - INFO - Running Customer [9] thread
2023-12-04 12:29:10,925 - 11791282176 - INFO - Running Customer [10] thread
2023-12-04 12:29:11,006 - 11808108544 - INFO - Running Customer [11] thread
2023-12-04 12:29:11,149 - 11623018496 - INFO - Running Customer [12] thread
2023-12-04 12:29:11,190 - 11824934912 - INFO - Running Customer [13] thread
2023-12-04 12:29:11,245 - 11841761280 - INFO - Running Customer [14] thread
2023-12-04 12:29:11,370 - 11858587648 - INFO - Running Customer [15] thread
2023-12-04 12:29:11,414 - 11875414016 - INFO - Running Customer [16] thread
2023-12-04 12:29:11,513 - 11892240384 - INFO - Running Customer [17] thread
2023-12-04 12:29:11,532 - 11909066752 - INFO - Running Customer [18] thread
2023-12-04 12:29:11,639 - 11925893120 - INFO - Running Customer [19] thread
2023-12-04 12:29:11,657 - 11942719488 - INFO - Running Customer [20] thread
2023-12-04 12:29:11,731 - 6426472448 - INFO - Bouncer [1]: Kicked out customer [2]
2023-12-04 12:29:11,788 - 11959545856 - INFO - Running Customer [21] thread
2023-12-04 12:29:11,813 - 11976372224 - INFO - Running Customer [22] thread
2023-12-04 12:29:12,013 - 11993198592 - INFO - Running Customer [23] thread
2023-12-04 12:29:12,138 - 12010024960 - INFO - Running Customer [24] thread
2023-12-04 12:29:12,281 - 12026851328 - INFO - Running Customer [25] thread
2023-12-04 12:29:12,492 - 12043677696 - INFO - Running Customer [26] thread
2023-12-04 12:29:12,655 - 11639844864 - INFO - Successfully inserted [(1, 'Christopher Wentz', 22, 'male')] into table [customers]
2023-12-04 12:29:12,722 - 11656671232 - INFO - Running Customer [27] thread
2023-12-04 12:29:12,833 - 12060504064 - INFO - Running Customer [28] thread
2023-12-04 12:29:12,958 - 12077330432 - INFO - Running Customer [29] thread
2023-12-04 12:29:13,088 - 12094156800 - INFO - Running Customer [30] thread
2023-12-04 12:29:13,113 - 12110983168 - INFO - Running Customer [31] thread
2023-12-04 12:29:13,380 - 12127809536 - INFO - Running Customer [32] thread
2023-12-04 12:29:13,491 - 12144635904 - INFO - Running Customer [33] thread
2023-12-04 12:29:13,751 - 12161462272 - INFO - Running Customer [34] thread
2023-12-04 12:29:13,875 - 12178288640 - INFO - Running Customer [35] thread
2023-12-04 12:29:13,912 - 12195115008 - INFO - Running Customer [36] thread
2023-12-04 12:29:13,931 - 12211941376 - INFO - Running Customer [37] thread
2023-12-04 12:29:14,129 - 10787876864 - INFO - Running Customer [38] thread
2023-12-04 12:29:14,184 - 11707150336 - INFO - Customer [5]: Entered bouncer queue
2023-12-04 12:29:14,296 - 11723976704 - INFO - Customer [6]: Entered bouncer queue
2023-12-04 12:29:14,337 - 11740803072 - INFO - Customer [7]: Entered bouncer queue
2023-12-04 12:29:14,402 - 10804703232 - INFO - Running Customer [39] thread
2023-12-04 12:29:14,402 - 10771050496 - INFO - Bouncer [3]: Allowed customer [3] to enter
2023-12-04 12:29:14,705 - 10821529600 - INFO - Running Customer [40] thread
2023-12-04 12:29:14,899 - 10838355968 - INFO - Running Customer [41] thread
2023-12-04 12:29:15,080 - 10855182336 - INFO - Running Customer [42] thread
2023-12-04 12:29:15,143 - 10872008704 - INFO - Running Customer [43] thread
2023-12-04 12:29:15,230 - 10888835072 - INFO - Running Customer [44] thread
2023-12-04 12:29:15,286 - 10905661440 - INFO - Running Customer [45] thread
2023-12-04 12:29:15,304 - 10922487808 - INFO - Running Customer [46] thread
2023-12-04 12:29:15,367 - 10939314176 - INFO - Running Customer [47] thread
2023-12-04 12:29:15,478 - 11639844864 - INFO - Customer [1]: Entered table queue
2023-12-04 12:29:15,515 - 10956140544 - INFO - Running Customer [48] thread
2023-12-04 12:29:15,778 - 10972966912 - INFO - Running Customer [49] thread
2023-12-04 12:29:15,926 - 10989793280 - INFO - Running Customer [50] thread
2023-12-04 12:29:16,144 - 11006619648 - INFO - Running Customer [51] thread
2023-12-04 12:29:16,249 - 11023446016 - INFO - Running Customer [52] thread
2023-12-04 12:29:16,288 - 11040272384 - INFO - Running Customer [53] thread
2023-12-04 12:29:16,349 - 11057098752 - INFO - Running Customer [54] thread
2023-12-04 12:29:16,411 - 11073925120 - INFO - Running Customer [55] thread
2023-12-04 12:29:16,566 - 11090751488 - INFO - Running Customer [56] thread
2023-12-04 12:29:16,733 - 6174076928 - INFO - Dealer in Blackjack table [1]: [0]
2023-12-04 12:29:16,764 - 11107577856 - INFO - Running Customer [57] thread
2023-12-04 12:29:16,833 - 11124404224 - INFO - Running Customer [58] thread
2023-12-04 12:29:16,870 - 11141230592 - INFO - Running Customer [59] thread
2023-12-04 12:29:16,883 - 8393022976 - INFO - Initialized customer threads: [<Future at 0x128123a50 state=finished returned NoneType>, <Future at 0x128148bd0 state=running>, <Future at 0x128148f50 state=finished returned NoneType>, <Future at 0x128149290 state=running>, <Future at 0x128149790 state=running>, <Future at 0x128149dd0 state=running>, <Future at 0x12814a050 state=running>, <Future at 0x12814a710 state=running>, <Future at 0x12814a9d0 state=running>, <Future at 0x12814ae10 state=running>, <Future at 0x117d3cb90 state=running>, <Future at 0x128149910 state=running>, <Future at 0x12814b690 state=running>, <Future at 0x12814bd90 state=running>, <Future at 0x128158090 state=running>, <Future at 0x128158810 state=running>, <Future at 0x12814a190 state=running>, <Future at 0x12814a3d0 state=running>, <Future at 0x128159290 state=running>, <Future at 0x128159750 state=running>, <Future at 0x128149450 state=running>, <Future at 0x12815a010 state=running>, <Future at 0x12815a510 state=running>, <Future at 0x12815aa10 state=running>, <Future at 0x12815af10 state=running>, <Future at 0x128149d50 state=running>, <Future at 0x12815b650 state=running>, <Future at 0x128149110 state=running>, <Future at 0x12816c050 state=running>, <Future at 0x12816c310 state=running>, <Future at 0x128158c90 state=running>, <Future at 0x12816ca50 state=running>, <Future at 0x128159090 state=running>, <Future at 0x12816d550 state=running>, <Future at 0x128159e10 state=running>, <Future at 0x12816db10 state=running>, <Future at 0x12816de50 state=running>, <Future at 0x12816e550 state=running>, <Future at 0x12815a1d0 state=running>, <Future at 0x12816ec10 state=running>, <Future at 0x12816f010 state=running>, <Future at 0x12816f950 state=running>, <Future at 0x12816fe10 state=running>, <Future at 0x12817c150 state=running>, <Future at 0x12817c490 state=running>, <Future at 0x12817c9d0 state=running>, <Future at 0x12817cf10 state=running>, <Future at 0x12817d490 state=running>, <Future at 0x12817da10 state=running>, <Future at 0x1281586d0 state=running>, <Future at 0x12817e3d0 state=running>, <Future at 0x12816cc10 state=running>, <Future at 0x12817ea90 state=running>, <Future at 0x12817ed50 state=running>, <Future at 0x12817f210 state=running>, <Future at 0x12817f750 state=running>, <Future at 0x12816d9d0 state=running>, <Future at 0x12816e010 state=running>, <Future at 0x12816ecd0 state=running>, <Future at 0x128190a50 state=running>]
2023-12-04 12:29:16,964 - 11757629440 - INFO - Customer [8]: Entered bouncer queue
2023-12-04 12:29:16,977 - 11774455808 - INFO - Customer [9]: Entered bouncer queue
2023-12-04 12:29:16,983 - 11791282176 - INFO - Customer [10]: Entered bouncer queue
2023-12-04 12:29:16,996 - 11808108544 - INFO - Customer [11]: Entered bouncer queue
2023-12-04 12:29:17,008 - 11623018496 - INFO - Customer [12]: Entered bouncer queue
2023-12-04 12:29:17,033 - 11824934912 - INFO - Customer [13]: Entered bouncer queue
2023-12-04 12:29:17,046 - 6409646080 - INFO - Bouncer [0]: Allowed customer [4] to enter
2023-12-04 12:29:17,328 - 6174076928 - INFO - Customers in Blackjack table [1]: [[1]]
2023-12-04 12:29:17,572 - 11841761280 - INFO - Customer [14]: Entered bouncer queue
2023-12-04 12:29:17,578 - 11858587648 - INFO - Customer [15]: Entered bouncer queue
2023-12-04 12:29:17,591 - 6174076928 - INFO - Customer [1] updated bankroll: [724634]
2023-12-04 12:29:17,616 - 11875414016 - INFO - Customer [16]: Entered bouncer queue
2023-12-04 12:29:17,653 - 11892240384 - INFO - Customer [17]: Entered bouncer queue
2023-12-04 12:29:17,660 - 11909066752 - INFO - Customer [18]: Entered bouncer queue
2023-12-04 12:29:17,666 - 11925893120 - INFO - Customer [19]: Entered bouncer queue
2023-12-04 12:29:17,691 - 10754224128 - INFO - Bouncer [2]: Allowed customer [5] to enter
2023-12-04 12:29:17,898 - 11673497600 - INFO - Successfully inserted [(3, 'Christine Brewer', 61, 'female')] into table [customers]
2023-12-04 12:29:17,960 - 11942719488 - INFO - Customer [20]: Entered bouncer queue
2023-12-04 12:29:17,960 - 11959545856 - INFO - Customer [21]: Entered bouncer queue
2023-12-04 12:29:17,973 - 11976372224 - INFO - Customer [22]: Entered bouncer queue
2023-12-04 12:29:18,029 - 11993198592 - INFO - Customer [23]: Entered bouncer queue
2023-12-04 12:29:18,042 - 12010024960 - INFO - Customer [24]: Entered bouncer queue
2023-12-04 12:29:18,054 - 12026851328 - INFO - Customer [25]: Entered bouncer queue
2023-12-04 12:29:18,073 - 12043677696 - INFO - Customer [26]: Entered bouncer queue
2023-12-04 12:29:18,085 - 11656671232 - INFO - Customer [27]: Entered bouncer queue
2023-12-04 12:29:18,098 - 12060504064 - INFO - Customer [28]: Entered bouncer queue
2023-12-04 12:29:18,104 - 12077330432 - INFO - Customer [29]: Entered bouncer queue
2023-12-04 12:29:18,105 - 11690323968 - INFO - Successfully inserted [(4, 'Doug Hill', 19, 'male')] into table [customers]
2023-12-04 12:29:18,142 - 12094156800 - INFO - Customer [30]: Entered bouncer queue
2023-12-04 12:29:18,161 - 12110983168 - INFO - Customer [31]: Entered bouncer queue
2023-12-04 12:29:18,186 - 12127809536 - INFO - Customer [32]: Entered bouncer queue
2023-12-04 12:29:18,198 - 6426472448 - INFO - Bouncer [1]: Kicked out customer [6]
2023-12-04 12:29:18,568 - 11690323968 - INFO - Customer [4]: Entered bartender queue
2023-12-04 12:29:18,624 - 12144635904 - INFO - Customer [33]: Entered bouncer queue
2023-12-04 12:29:18,637 - 12161462272 - INFO - Customer [34]: Entered bouncer queue
2023-12-04 12:29:18,655 - 12178288640 - INFO - Customer [35]: Entered bouncer queue
2023-12-04 12:29:18,655 - 12195115008 - INFO - Customer [36]: Entered bouncer queue
2023-12-04 12:29:18,656 - 6392819712 - INFO - Successfully inserted [('Bartender', 5)] into table [transactions]
2023-12-04 12:29:18,662 - 12211941376 - INFO - Customer [37]: Entered bouncer queue
2023-12-04 12:29:18,662 - 10787876864 - INFO - Customer [38]: Entered bouncer queue
2023-12-04 12:29:18,681 - 10804703232 - INFO - Customer [39]: Entered bouncer queue
2023-12-04 12:29:18,715 - 6174076928 - INFO - Customer [1] updated bankroll: [725582]
2023-12-04 12:29:18,715 - 6392819712 - INFO - Bartender [1]: Served a [Whiskey] to [4]
2023-12-04 12:29:18,715 - 10821529600 - INFO - Customer [40]: Entered bouncer queue
2023-12-04 12:29:18,734 - 10838355968 - INFO - Customer [41]: Entered bouncer queue
2023-12-04 12:29:18,734 - 10855182336 - INFO - Customer [42]: Entered bouncer queue
2023-12-04 12:29:18,765 - 10872008704 - INFO - Customer [43]: Entered bouncer queue
2023-12-04 12:29:18,784 - 10888835072 - INFO - Customer [44]: Entered bouncer queue
2023-12-04 12:29:18,790 - 10905661440 - INFO - Customer [45]: Entered bouncer queue
2023-12-04 12:29:18,803 - 10922487808 - INFO - Customer [46]: Entered bouncer queue
2023-12-04 12:29:18,809 - 10939314176 - INFO - Customer [47]: Entered bouncer queue
2023-12-04 12:29:18,821 - 10956140544 - INFO - Customer [48]: Entered bouncer queue
2023-12-04 12:29:18,828 - 6174076928 - INFO - Successfully inserted [('BlackJack', -948)] into table [transactions]
2023-12-04 12:29:18,828 - 10972966912 - INFO - Customer [49]: Entered bouncer queue
2023-12-04 12:29:18,859 - 10989793280 - INFO - Customer [50]: Entered bouncer queue
2023-12-04 12:29:18,871 - 11006619648 - INFO - Customer [51]: Entered bouncer queue
2023-12-04 12:29:18,896 - 11023446016 - INFO - Customer [52]: Entered bouncer queue
2023-12-04 12:29:18,915 - 11040272384 - INFO - Customer [53]: Entered bouncer queue
2023-12-04 12:29:18,940 - 11057098752 - INFO - Customer [54]: Entered bouncer queue
2023-12-04 12:29:18,959 - 11073925120 - INFO - Customer [55]: Entered bouncer queue
2023-12-04 12:29:18,965 - 11090751488 - INFO - Customer [56]: Entered bouncer queue
2023-12-04 12:29:19,003 - 11107577856 - INFO - Customer [57]: Entered bouncer queue
2023-12-04 12:29:19,015 - 11124404224 - INFO - Customer [58]: Entered bouncer queue
2023-12-04 12:29:19,040 - 11141230592 - INFO - Customer [59]: Entered bouncer queue
2023-12-04 12:29:19,053 - 10771050496 - INFO - Bouncer [3]: Allowed customer [7] to enter
2023-12-04 12:29:19,144 - 11707150336 - INFO - Successfully inserted [(5, 'David Ponder', 76, 'male')] into table [customers]
2023-12-04 12:29:19,698 - 6409646080 - INFO - Bouncer [0]: Allowed customer [8] to enter
2023-12-04 12:29:19,997 - 10754224128 - INFO - Bouncer [2]: Kicked out customer [9]
2023-12-04 12:29:20,117 - 11740803072 - INFO - Successfully inserted [(7, 'Brook Pousson', 34, 'female')] into table [customers]
2023-12-04 12:29:20,172 - 11740803072 - INFO - Customer [7]: Entered bartender queue
2023-12-04 12:29:20,253 - 11707150336 - INFO - Customer [5]: Entered table queue
2023-12-04 12:29:20,330 - 6375993344 - INFO - Successfully inserted [('Bartender', 5)] into table [transactions]
2023-12-04 12:29:20,398 - 6375993344 - INFO - Bartender [0]: Served a [Gintonic] to [7]
2023-12-04 12:29:20,647 - 6426472448 - INFO - Bouncer [1]: Allowed customer [10] to enter
2023-12-04 12:29:20,678 - 11757629440 - INFO - Successfully inserted [(8, 'Ronald Just', 64, 'male')] into table [customers]
2023-12-04 12:29:21,014 - 6174076928 - INFO - Dealer in Blackjack table [1]: [0]
2023-12-04 12:29:21,021 - 6174076928 - INFO - Customers in Blackjack table [1]: [[1]]
2023-12-04 12:29:21,021 - 6174076928 - INFO - Customer [1] updated bankroll: [726530]
2023-12-04 12:29:21,714 - 10771050496 - INFO - Bouncer [3]: Allowed customer [11] to enter
2023-12-04 12:29:21,740 - 11791282176 - INFO - Successfully inserted [(10, 'Jennifer Robinson', 50, 'female')] into table [customers]
2023-12-04 12:29:21,870 - 6409646080 - INFO - Bouncer [0]: Allowed customer [12] to enter
2023-12-04 12:29:22,027 - 6174076928 - INFO - Customer [1] updated bankroll: [727071.6875]
2023-12-04 12:29:22,096 - 10754224128 - INFO - Bouncer [2]: Allowed customer [13] to enter
2023-12-04 12:29:22,222 - 6174076928 - INFO - Successfully inserted [('BlackJack', -541.6875)] into table [transactions]
2023-12-04 12:29:22,686 - 6426472448 - INFO - Bouncer [1]: Kicked out customer [14]
2023-12-04 12:29:22,724 - 11808108544 - INFO - Successfully inserted [(11, 'Leroy Garth', 40, 'male')] into table [customers]
2023-12-04 12:29:22,908 - 11623018496 - INFO - Successfully inserted [(12, 'Thomas Sullivan', 42, 'male')] into table [customers]
2023-12-04 12:29:22,953 - 11824934912 - INFO - Successfully inserted [(13, 'Vincent Barnett', 50, 'male')] into table [customers]
2023-12-04 12:29:22,958 - 11623018496 - INFO - Customer [12]: Entered bartender queue
2023-12-04 12:29:23,022 - 6375993344 - INFO - Successfully inserted [('Bartender', 5)] into table [transactions]
2023-12-04 12:29:23,046 - 6375993344 - INFO - Bartender [0]: Served a [Beer] to [12]
2023-12-04 12:29:23,328 - 11757629440 - INFO - Customer [8]: Entered table queue
2023-12-04 12:29:23,365 - 11673497600 - INFO - Customer [3]: Entered table queue
2023-12-04 12:29:23,428 - 11824934912 - INFO - Customer [13]: Entered table queue
2023-12-04 12:29:23,572 - 6174076928 - INFO - Dealer in Blackjack table [1]: [0]
2023-12-04 12:29:23,572 - 6174076928 - INFO - Customers in Blackjack table [1]: [[1]]
2023-12-04 12:29:23,572 - 6174076928 - INFO - Customer [1] updated bankroll: [727613.375]
2023-12-04 12:29:23,747 - 10771050496 - INFO - Bouncer [3]: Allowed customer [15] to enter
2023-12-04 12:29:23,879 - 6409646080 - INFO - Bouncer [0]: Kicked out customer [16]
2023-12-04 12:29:23,880 - 11858587648 - INFO - Successfully inserted [(15, 'Ricky Maly', 45, 'male')] into table [customers]
2023-12-04 12:29:24,123 - 10754224128 - INFO - Bouncer [2]: Kicked out customer [17]
2023-12-04 12:29:24,599 - 6174076928 - INFO - Customer [1] updated bankroll: [728136.375]
2023-12-04 12:29:24,782 - 6174076928 - INFO - Successfully inserted [('BlackJack', 523)] into table [transactions]
2023-12-04 12:29:24,782 - 6426472448 - INFO - Bouncer [1]: Kicked out customer [18]
2023-12-04 12:29:25,785 - 10771050496 - INFO - Bouncer [3]: Kicked out customer [19]
2023-12-04 12:29:25,923 - 6409646080 - INFO - Bouncer [0]: Allowed customer [20] to enter
2023-12-04 12:29:26,123 - 6174076928 - INFO - Dealer in Blackjack table [1]: [0]
2023-12-04 12:29:26,123 - 6174076928 - INFO - Customers in Blackjack table [1]: [[1]]
2023-12-04 12:29:26,123 - 6174076928 - INFO - Customer [1] updated bankroll: [727613.375]
2023-12-04 12:29:26,167 - 10754224128 - INFO - Bouncer [2]: Allowed customer [21] to enter
2023-12-04 12:29:26,262 - 11942719488 - INFO - Successfully inserted [(20, 'Brian Sims', 30, 'male')] into table [customers]
2023-12-04 12:29:26,299 - 11942719488 - INFO - Customer [20]: Entered bartender queue
2023-12-04 12:29:26,300 - 11959545856 - INFO - Successfully inserted [(21, 'Martha Liv', 35, 'female')] into table [customers]
2023-12-04 12:29:26,369 - 6392819712 - INFO - Successfully inserted [('Bartender', 5)] into table [transactions]
2023-12-04 12:29:26,412 - 6392819712 - INFO - Bartender [1]: Served a [Whiskey] to [20]
2023-12-04 12:29:26,907 - 6426472448 - INFO - Bouncer [1]: Kicked out customer [22]
2023-12-04 12:29:27,170 - 6174076928 - INFO - Customer [1] updated bankroll: [728226.375]
2023-12-04 12:29:27,284 - 6174076928 - INFO - Successfully inserted [('BlackJack', 613)] into table [transactions]
2023-12-04 12:29:27,818 - 10771050496 - INFO - Bouncer [3]: Allowed customer [23] to enter
2023-12-04 12:29:27,980 - 6409646080 - INFO - Bouncer [0]: Kicked out customer [24]
2023-12-04 12:29:28,193 - 10754224128 - INFO - Bouncer [2]: Allowed customer [25] to enter
2023-12-04 12:29:28,320 - 11993198592 - INFO - Successfully inserted [(23, 'Betty Dawson', 30, 'female')] into table [customers]
2023-12-04 12:29:28,483 - 6174076928 - INFO - Dealer in Blackjack table [1]: [0]
2023-12-04 12:29:28,490 - 6174076928 - INFO - Customers in Blackjack table [1]: [[1]]
2023-12-04 12:29:28,496 - 6174076928 - INFO - Customer [1] updated bankroll: [727613.375]
2023-12-04 12:29:28,503 - 12026851328 - INFO - Successfully inserted [(25, 'David Clark', 59, 'male')] into table [customers]
2023-12-04 12:29:28,665 - 11690323968 - INFO - Customer [4]: Ordered drink
2023-12-04 12:29:28,941 - 6426472448 - INFO - Bouncer [1]: Allowed customer [26] to enter
2023-12-04 12:29:29,511 - 6174076928 - INFO - Customer [1] updated bankroll: [728558.375]
2023-12-04 12:29:29,593 - 12043677696 - INFO - Successfully inserted [(26, 'Ray Gilmore', 59, 'male')] into table [customers]
2023-12-04 12:29:29,655 - 6174076928 - INFO - Successfully inserted [('BlackJack', 945)] into table [transactions]
2023-12-04 12:29:29,874 - 10771050496 - INFO - Bouncer [3]: Kicked out customer [27]
2023-12-04 12:29:30,002 - 6409646080 - INFO - Bouncer [0]: Allowed customer [28] to enter
2023-12-04 12:29:30,215 - 11740803072 - INFO - Customer [7]: Ordered drink
2023-12-04 12:29:30,302 - 10754224128 - INFO - Bouncer [2]: Kicked out customer [29]
2023-12-04 12:29:30,698 - 12060504064 - INFO - Successfully inserted [(28, 'Elnora Keatts', 42, 'female')] into table [customers]
2023-12-04 12:29:30,810 - 11858587648 - INFO - Customer [15]: Entered table queue
2023-12-04 12:29:30,866 - 11808108544 - INFO - Customer [11]: Entered table queue
2023-12-04 12:29:30,878 - 11959545856 - INFO - Customer [21]: Entered table queue
2023-12-04 12:29:30,903 - 11639844864 - INFO - Customer [1]: Left table
2023-12-04 12:29:30,947 - 12026851328 - INFO - Customer [25]: Entered table queue
2023-12-04 12:29:30,947 - 6426472448 - INFO - Bouncer [1]: Allowed customer [30] to enter
2023-12-04 12:29:30,978 - 11690323968 - INFO - Customer [4]: Entered table queue
2023-12-04 12:29:30,997 - 12043677696 - INFO - Customer [26]: Entered table queue
2023-12-04 12:29:31,022 - 11707150336 - INFO - Customer [5]: Left table
2023-12-04 12:29:31,060 - 11639844864 - INFO - Customer [1]: Entered bartender queue
2023-12-04 12:29:31,136 - 6392819712 - INFO - Successfully inserted [('Bartender', 5)] into table [transactions]
2023-12-04 12:29:31,229 - 6174076928 - INFO - Dealer in Blackjack table [1]: [0]
2023-12-04 12:29:31,260 - 6392819712 - INFO - Bartender [1]: Served a [Martini] to [1]
2023-12-04 12:29:31,273 - 6174076928 - INFO - Customers in Blackjack table [1]: [[]]
2023-12-04 12:29:31,900 - 10771050496 - INFO - Bouncer [3]: Kicked out customer [31]
2023-12-04 12:29:31,927 - 12094156800 - INFO - Successfully inserted [(30, 'John Johnson', 27, 'male')] into table [customers]
2023-12-04 12:29:32,038 - 6409646080 - INFO - Bouncer [0]: Allowed customer [32] to enter
2023-12-04 12:29:32,320 - 10754224128 - INFO - Bouncer [2]: Kicked out customer [33]
2023-12-04 12:29:32,404 - 6174076928 - INFO - Successfully inserted [('BlackJack', 0)] into table [transactions]
2023-12-04 12:29:33,019 - 11623018496 - INFO - Customer [12]: Ordered drink
2023-12-04 12:29:33,027 - 12127809536 - INFO - Successfully inserted [(32, 'Katherine Miller', 35, 'female')] into table [customers]
2023-12-04 12:29:33,063 - 11623018496 - INFO - Customer [12]: Entered bartender queue
2023-12-04 12:29:33,113 - 6426472448 - INFO - Bouncer [1]: Allowed customer [34] to enter
2023-12-04 12:29:33,234 - 6392819712 - INFO - Successfully inserted [('Bartender', 5)] into table [transactions]
2023-12-04 12:29:33,271 - 6392819712 - INFO - Bartender [1]: Served a [Tequila Sunrise] to [12]
2023-12-04 12:29:33,591 - 11707150336 - INFO - Customer [5]: Entered table queue
2023-12-04 12:29:33,603 - 11740803072 - INFO - Customer [7]: Entered table queue
2023-12-04 12:29:33,628 - 12127809536 - INFO - Customer [32]: Entered table queue
2023-12-04 12:29:33,760 - 11757629440 - INFO - Customer [8]: Left table
2023-12-04 12:29:33,766 - 11673497600 - INFO - Customer [3]: Left table
2023-12-04 12:29:33,779 - 11824934912 - INFO - Customer [13]: Left table
2023-12-04 12:29:33,810 - 11791282176 - INFO - Customer [10]: Entered table queue
2023-12-04 12:29:33,841 - 11757629440 - INFO - Customer [8]: Entered table queue
2023-12-04 12:29:33,891 - 11824934912 - INFO - Customer [13]: Entered table queue
2023-12-04 12:29:33,941 - 12094156800 - INFO - Customer [30]: Entered table queue
2023-12-04 12:29:33,960 - 10771050496 - INFO - Bouncer [3]: Kicked out customer [35]
2023-12-04 12:29:34,103 - 6409646080 - INFO - Bouncer [0]: Kicked out customer [36]
2023-12-04 12:29:34,118 - 11673497600 - INFO - Customer [3]: Entered table queue
2023-12-04 12:29:34,201 - 12161462272 - INFO - Successfully inserted [(34, 'Glenna Lantz', 66, 'female')] into table [customers]
2023-12-04 12:29:34,257 - 12161462272 - INFO - Customer [34]: Entered table queue
2023-12-04 12:29:34,263 - 12060504064 - INFO - Customer [28]: Entered table queue
2023-12-04 12:29:34,357 - 10754224128 - INFO - Bouncer [2]: Allowed customer [37] to enter
2023-12-04 12:29:34,896 - 6174076928 - INFO - Dealer in Blackjack table [1]: [0]
2023-12-04 12:29:34,940 - 6174076928 - INFO - Customers in Blackjack table [1]: [[11, 21, 25]]
2023-12-04 12:29:34,959 - 6174076928 - INFO - Customer [11] updated bankroll: [905556]
2023-12-04 12:29:34,984 - 6174076928 - INFO - Customer [21] updated bankroll: [1000]
2023-12-04 12:29:35,003 - 6174076928 - INFO - Customer [25] updated bankroll: [325709]
2023-12-04 12:29:35,221 - 6426472448 - INFO - Bouncer [1]: Kicked out customer [38]
2023-12-04 12:29:35,259 - 12211941376 - INFO - Successfully inserted [(37, 'Elinore Bartlett', 22, 'female')] into table [customers]
2023-12-04 12:29:35,359 - 12211941376 - INFO - Customer [37]: Entered bartender queue
2023-12-04 12:29:35,417 - 6392819712 - INFO - Successfully inserted [('Bartender', 5)] into table [transactions]
2023-12-04 12:29:35,454 - 6392819712 - INFO - Bartender [1]: Served a [Mojito] to [37]
2023-12-04 12:29:35,999 - 10771050496 - INFO - Bouncer [3]: Kicked out customer [39]
2023-12-04 12:29:36,005 - 6174076928 - INFO - Customer [11] updated bankroll: [907010.625]
2023-12-04 12:29:36,105 - 6174076928 - INFO - Customer [21] updated bankroll: [1573]
2023-12-04 12:29:36,130 - 6174076928 - INFO - Customer [25] updated bankroll: [326488]
2023-12-04 12:29:36,192 - 6409646080 - INFO - Bouncer [0]: Kicked out customer [40]
2023-12-04 12:29:36,336 - 11942719488 - INFO - Customer [20]: Ordered drink
2023-12-04 12:29:36,351 - 6174076928 - INFO - Successfully inserted [('BlackJack', 2806.625)] into table [transactions]
2023-12-04 12:29:36,363 - 10754224128 - INFO - Bouncer [2]: Kicked out customer [41]
2023-12-04 12:29:37,285 - 6426472448 - INFO - Bouncer [1]: Allowed customer [42] to enter
2023-12-04 12:29:37,473 - 6174076928 - INFO - Dealer in Blackjack table [1]: [0]
2023-12-04 12:29:37,548 - 6174076928 - INFO - Customers in Blackjack table [1]: [[11, 21, 25]]
2023-12-04 12:29:37,567 - 6174076928 - INFO - Customer [11] updated bankroll: [905556.0]
2023-12-04 12:29:37,580 - 6174076928 - INFO - Customer [21] updated bankroll: [1000]
2023-12-04 12:29:37,598 - 6174076928 - INFO - Customer [25] updated bankroll: [325709]
2023-12-04 12:29:38,062 - 10771050496 - INFO - Bouncer [3]: Allowed customer [43] to enter
2023-12-04 12:29:38,240 - 10855182336 - INFO - Successfully inserted [(42, 'Warner Margerum', 57, 'male')] into table [customers]
2023-12-04 12:29:38,240 - 6409646080 - INFO - Bouncer [0]: Kicked out customer [44]
2023-12-04 12:29:38,302 - 10872008704 - INFO - Successfully inserted [(43, 'Timothy Borich', 61, 'male')] into table [customers]
2023-12-04 12:29:38,427 - 10754224128 - INFO - Bouncer [2]: Allowed customer [45] to enter
2023-12-04 12:29:38,608 - 6174076928 - INFO - Customer [11] updated bankroll: [906717.0]
2023-12-04 12:29:38,634 - 6174076928 - INFO - Customer [21] updated bankroll: [1280]
2023-12-04 12:29:38,634 - 6174076928 - INFO - Customer [25] updated bankroll: [326366]
2023-12-04 12:29:38,787 - 6174076928 - INFO - Successfully inserted [('BlackJack', -2098.0)] into table [transactions]
2023-12-04 12:29:39,313 - 6426472448 - INFO - Bouncer [1]: Allowed customer [46] to enter
2023-12-04 12:29:39,339 - 10905661440 - INFO - Successfully inserted [(45, 'Wanda Hare', 21, 'female')] into table [customers]
2023-12-04 12:29:39,497 - 10922487808 - INFO - Successfully inserted [(46, 'Katie Benson', 21, 'female')] into table [customers]
2023-12-04 12:29:39,572 - 10922487808 - INFO - Customer [46]: Entered bartender queue
2023-12-04 12:29:39,643 - 6375993344 - INFO - Successfully inserted [('Bartender', 5)] into table [transactions]
2023-12-04 12:29:39,662 - 6375993344 - INFO - Bartender [0]: Served a [Mojito] to [46]
2023-12-04 12:29:39,913 - 6174076928 - INFO - Dealer in Blackjack table [1]: [0]
2023-12-04 12:29:39,931 - 6174076928 - INFO - Customers in Blackjack table [1]: [[11, 21, 25]]
2023-12-04 12:29:39,969 - 6174076928 - INFO - Customer [11] updated bankroll: [907878.0]
2023-12-04 12:29:40,025 - 6174076928 - INFO - Customer [21] updated bankroll: [1560]
2023-12-04 12:29:40,025 - 6174076928 - INFO - Customer [25] updated bankroll: [327023]
2023-12-04 12:29:40,088 - 10771050496 - INFO - Bouncer [3]: Allowed customer [47] to enter
2023-12-04 12:29:40,295 - 6409646080 - INFO - Bouncer [0]: Kicked out customer [48]
2023-12-04 12:29:40,302 - 10939314176 - INFO - Successfully inserted [(47, 'Sally Campbell', 45, 'female')] into table [customers]
2023-12-04 12:29:40,457 - 10754224128 - INFO - Bouncer [2]: Allowed customer [49] to enter
2023-12-04 12:29:40,733 - 10972966912 - INFO - Successfully inserted [(49, 'Barbara Walker', 55, 'female')] into table [customers]
2023-12-04 12:29:40,776 - 10972966912 - INFO - Customer [49]: Entered bartender queue
2023-12-04 12:29:40,878 - 6375993344 - INFO - Successfully inserted [('Bartender', 5)] into table [transactions]
2023-12-04 12:29:40,915 - 6375993344 - INFO - Bartender [0]: Served a [Whiskey] to [49]
2023-12-04 12:29:41,033 - 6174076928 - INFO - Customer [11] updated bankroll: [909310.5]
2023-12-04 12:29:41,058 - 6174076928 - INFO - Customer [21] updated bankroll: [2101]
2023-12-04 12:29:41,077 - 6174076928 - INFO - Customer [25] updated bankroll: [327802]
2023-12-04 12:29:41,185 - 6174076928 - INFO - Successfully inserted [('BlackJack', -2752.5)] into table [transactions]
2023-12-04 12:29:41,246 - 11639844864 - INFO - Customer [1]: Ordered drink
2023-12-04 12:29:41,378 - 6426472448 - INFO - Bouncer [1]: Kicked out customer [50]
2023-12-04 12:29:42,135 - 10771050496 - INFO - Bouncer [3]: Kicked out customer [51]
2023-12-04 12:29:42,298 - 11942719488 - INFO - Customer [20]: Entered table queue
2023-12-04 12:29:42,330 - 6409646080 - INFO - Bouncer [0]: Allowed customer [52] to enter
2023-12-04 12:29:42,367 - 11993198592 - INFO - Customer [23]: Went to bathroom
2023-12-04 12:29:42,411 - 11993198592 - INFO - Customer [23]: Entered bartender queue
2023-12-04 12:29:42,417 - 6157250560 - INFO - Dealer in Roulette table [0]: [0]
2023-12-04 12:29:42,424 - 6157250560 - INFO - Customers in Roulette table [0]: [[15, 4, 26, 5, 7, 32]]
2023-12-04 12:29:42,436 - 6157250560 - INFO - Customer [15] updated bankroll: [1000]
2023-12-04 12:29:42,436 - 6157250560 - INFO - Customer [4] updated bankroll: [582785]
2023-12-04 12:29:42,436 - 6157250560 - INFO - Customer [26] updated bankroll: [1000]
2023-12-04 12:29:42,436 - 6157250560 - INFO - Customer [5] updated bankroll: [786321]
2023-12-04 12:29:42,436 - 6157250560 - INFO - Customer [7] updated bankroll: [1000]
2023-12-04 12:29:42,436 - 6157250560 - INFO - Customer [32] updated bankroll: [658516]
2023-12-04 12:29:42,464 - 6392819712 - INFO - Successfully inserted [('Bartender', 5)] into table [transactions]
2023-12-04 12:29:42,483 - 10754224128 - INFO - Bouncer [2]: Kicked out customer [53]
2023-12-04 12:29:42,545 - 6392819712 - INFO - Bartender [1]: Served a [Cosmopolitan] to [23]
2023-12-04 12:29:42,724 - 11023446016 - INFO - Successfully inserted [(52, 'Hilary Johnson', 49, 'female')] into table [customers]
2023-12-04 12:29:43,200 - 11623018496 - INFO - Customer [12]: Ordered drink
2023-12-04 12:29:43,400 - 6426472448 - INFO - Bouncer [1]: Kicked out customer [54]
2023-12-04 12:29:43,456 - 6157250560 - INFO - Customer [15] updated bankroll: [1457]
2023-12-04 12:29:43,475 - 6157250560 - INFO - Customer [4] updated bankroll: [583503.875]
2023-12-04 12:29:43,488 - 6157250560 - INFO - Customer [26] updated bankroll: [1664]
2023-12-04 12:29:43,500 - 6157250560 - INFO - Customer [5] updated bankroll: [787220]
2023-12-04 12:29:43,513 - 6157250560 - INFO - Customer [7] updated bankroll: [1831]
2023-12-04 12:29:43,531 - 6157250560 - INFO - Customer [32] updated bankroll: [659996.5]
2023-12-04 12:29:43,739 - 6157250560 - INFO - Successfully inserted [('Roulette', 5050.375)] into table [transactions]
2023-12-04 12:29:44,172 - 10771050496 - INFO - Bouncer [3]: Kicked out customer [55]
2023-12-04 12:29:44,366 - 6409646080 - INFO - Bouncer [0]: Kicked out customer [56]
2023-12-04 12:29:44,529 - 10754224128 - INFO - Bouncer [2]: Kicked out customer [57]
2023-12-04 12:29:44,888 - 10855182336 - INFO - Customer [42]: Entered table queue
2023-12-04 12:29:44,901 - 10872008704 - INFO - Customer [43]: Entered table queue
2023-12-04 12:29:44,944 - 10905661440 - INFO - Customer [45]: Entered table queue
2023-12-04 12:29:45,057 - 6190903296 - INFO - Dealer in Poker table [2]: [0]
2023-12-04 12:29:45,095 - 6190903296 - INFO - Customers in Poker table [2]: [[10, 8, 13, 30, 3]]
2023-12-04 12:29:45,107 - 6190903296 - INFO - Customer [10] updated bankroll: [94788]
2023-12-04 12:29:45,132 - 6190903296 - INFO - Customer [8] updated bankroll: [1000]
2023-12-04 12:29:45,170 - 6190903296 - INFO - Customer [13] updated bankroll: [800684]
2023-12-04 12:29:45,170 - 6190903296 - INFO - Customer [30] updated bankroll: [382668]
2023-12-04 12:29:45,182 - 6190903296 - INFO - Customer [3] updated bankroll: [512866]
2023-12-04 12:29:45,389 - 12211941376 - INFO - Customer [37]: Ordered drink
2023-12-04 12:29:45,445 - 6426472448 - INFO - Bouncer [1]: Kicked out customer [58]
2023-12-04 12:29:46,224 - 10771050496 - INFO - Bouncer [3]: Kicked out customer [59]
2023-12-04 12:29:47,300 - 6190903296 - INFO - Successfully inserted [('Poker', 66.15000000000009)] into table [transactions]
2023-12-04 12:29:47,349 - 6190903296 - INFO - Customer [3] updated bankroll: [512762]
2023-12-04 12:29:48,419 - 10939314176 - INFO - Customer [47]: Entered table queue
2023-12-04 12:29:48,451 - 11858587648 - INFO - Customer [15]: Left table
2023-12-04 12:29:48,468 - 11808108544 - INFO - Customer [11]: Left table
2023-12-04 12:29:48,493 - 11959545856 - INFO - Customer [21]: Left table
2023-12-04 12:29:48,625 - 12026851328 - INFO - Customer [25]: Left table
2023-12-04 12:29:48,656 - 11690323968 - INFO - Customer [4]: Left table
2023-12-04 12:29:48,687 - 12043677696 - INFO - Customer [26]: Left table
2023-12-04 12:29:48,694 - 11639844864 - INFO - Customer [1]: Entered table queue
2023-12-04 12:29:48,694 - 11690323968 - INFO - Customer [4]: Entered bartender queue
2023-12-04 12:29:48,712 - 6174076928 - INFO - Dealer in Blackjack table [1]: [0]
2023-12-04 12:29:48,773 - 6174076928 - INFO - Customers in Blackjack table [1]: [[]]
2023-12-04 12:29:48,799 - 6392819712 - INFO - Successfully inserted [('Bartender', 5)] into table [transactions]
2023-12-04 12:29:48,836 - 6392819712 - INFO - Bartender [1]: Served a [Wine] to [4]
2023-12-04 12:29:49,637 - 10922487808 - INFO - Customer [46]: Ordered drink
2023-12-04 12:29:49,668 - 10922487808 - INFO - Customer [46]: Entered bartender queue
2023-12-04 12:29:49,739 - 6392819712 - INFO - Successfully inserted [('Bartender', 5)] into table [transactions]
2023-12-04 12:29:49,777 - 6392819712 - INFO - Bartender [1]: Served a [Martini] to [46]
2023-12-04 12:29:49,903 - 6174076928 - INFO - Successfully inserted [('BlackJack', 0)] into table [transactions]
2023-12-04 12:29:50,797 - 10972966912 - INFO - Customer [49]: Ordered drink
2023-12-04 12:29:50,822 - 10972966912 - INFO - Customer [49]: Entered bartender queue
2023-12-04 12:29:50,892 - 6392819712 - INFO - Successfully inserted [('Bartender', 5)] into table [transactions]
2023-12-04 12:29:50,930 - 6392819712 - INFO - Bartender [1]: Served a [Beer] to [49]
2023-12-04 12:29:50,993 - 11023446016 - INFO - Customer [52]: Entered table queue
2023-12-04 12:29:50,999 - 11623018496 - INFO - Customer [12]: Entered table queue
2023-12-04 12:29:51,055 - 11707150336 - INFO - Customer [5]: Left table
2023-12-04 12:29:51,087 - 11740803072 - INFO - Customer [7]: Left table
2023-12-04 12:29:51,118 - 12127809536 - INFO - Customer [32]: Left table
2023-12-04 12:29:51,168 - 11707150336 - INFO - Customer [5]: Entered bartender queue
2023-12-04 12:29:51,181 - 11791282176 - INFO - Customer [10]: Left table
2023-12-04 12:29:51,193 - 11757629440 - INFO - Customer [8]: Left table
2023-12-04 12:29:51,224 - 11824934912 - INFO - Customer [13]: Left table
2023-12-04 12:29:51,249 - 12094156800 - INFO - Customer [30]: Left table
2023-12-04 12:29:51,268 - 11673497600 - INFO - Customer [3]: Left table
2023-12-04 12:29:51,268 - 12161462272 - INFO - Customer [34]: Left table
2023-12-04 12:29:51,268 - 12060504064 - INFO - Customer [28]: Left table
2023-12-04 12:29:51,293 - 11791282176 - INFO - Customer [10]: Entered bartender queue
2023-12-04 12:29:51,293 - 6157250560 - INFO - Dealer in Roulette table [0]: [0]
2023-12-04 12:29:51,313 - 6392819712 - INFO - Successfully inserted [('Bartender', 5)] into table [transactions]
2023-12-04 12:29:51,338 - 6157250560 - INFO - Customers in Roulette table [0]: [[]]
2023-12-04 12:29:51,344 - 6392819712 - INFO - Bartender [1]: Served a [Gintonic] to [5]
2023-12-04 12:29:51,382 - 6375993344 - INFO - Successfully inserted [('Bartender', 5)] into table [transactions]
2023-12-04 12:29:51,407 - 6375993344 - INFO - Bartender [0]: Served a [Beer] to [10]
2023-12-04 12:29:52,427 - 11993198592 - INFO - Customer [23]: Ordered drink
2023-12-04 12:29:52,547 - 6157250560 - INFO - Successfully inserted [('Roulette', 0)] into table [transactions]
2023-12-04 12:29:53,699 - 11858587648 - INFO - Customer [15]: Entered table queue
2023-12-04 12:29:53,743 - 12026851328 - INFO - Customer [25]: Entered table queue
2023-12-04 12:29:53,787 - 12043677696 - INFO - Customer [26]: Entered table queue
2023-12-04 12:29:53,824 - 12094156800 - INFO - Customer [30]: Entered table queue
2023-12-04 12:29:53,868 - 12161462272 - INFO - Customer [34]: Entered table queue
2023-12-04 12:29:53,881 - 12060504064 - INFO - Customer [28]: Entered table queue
2023-12-04 12:29:53,906 - 11942719488 - INFO - Customer [20]: Left table
2023-12-04 12:29:53,943 - 11993198592 - INFO - Customer [23]: Entered table queue
2023-12-04 12:29:53,950 - 11757629440 - INFO - Customer [8]: Entered table queue
2023-12-04 12:29:54,068 - 11959545856 - INFO - Customer [21]: Entered table queue
2023-12-04 12:29:54,123 - 12127809536 - INFO - Customer [32]: Entered table queue
2023-12-04 12:29:54,142 - 11740803072 - INFO - Customer [7]: Entered table queue
2023-12-04 12:29:54,167 - 11673497600 - INFO - Customer [3]: Entered table queue
2023-12-04 12:29:54,186 - 11824934912 - INFO - Customer [13]: Entered table queue
2023-12-04 12:29:54,198 - 12211941376 - INFO - Customer [37]: Entered table queue
2023-12-04 12:29:54,211 - 11942719488 - INFO - Customer [20]: Entered table queue
2023-12-04 12:29:54,374 - 11808108544 - INFO - Customer [11]: Entered table queue
2023-12-04 12:29:54,918 - 10855182336 - INFO - Customer [42]: Left table
2023-12-04 12:29:54,962 - 10855182336 - INFO - Customer [42]: Entered bartender queue
2023-12-04 12:29:54,994 - 10872008704 - INFO - Customer [43]: Left table
2023-12-04 12:29:55,049 - 10905661440 - INFO - Customer [45]: Left table
2023-12-04 12:29:55,068 - 10872008704 - INFO - Customer [43]: Entered bartender queue
2023-12-04 12:29:55,118 - 10905661440 - INFO - Customer [45]: Entered table queue
2023-12-04 12:29:55,254 - 6375993344 - INFO - Successfully inserted [('Bartender', 5)] into table [transactions]
2023-12-04 12:29:55,383 - 6174076928 - INFO - Dealer in Blackjack table [1]: [0]
2023-12-04 12:29:55,439 - 6375993344 - INFO - Bartender [0]: Served a [Tequila Sunrise] to [43]
2023-12-04 12:29:55,439 - 6174076928 - INFO - Customers in Blackjack table [1]: [[47, 12]]
2023-12-04 12:29:55,453 - 6392819712 - INFO - Successfully inserted [('Bartender', 5)] into table [transactions]
2023-12-04 12:29:55,478 - 6174076928 - INFO - Customer [47] updated bankroll: [626350]
2023-12-04 12:29:55,509 - 6174076928 - INFO - Customer [12] updated bankroll: [922776]
2023-12-04 12:29:55,516 - 6392819712 - INFO - Bartender [1]: Served a [Beer] to [42]
2023-12-04 12:29:56,554 - 6174076928 - INFO - Customer [47] updated bankroll: [626987.875]
2023-12-04 12:29:56,585 - 6174076928 - INFO - Customer [12] updated bankroll: [923581]
2023-12-04 12:29:56,737 - 6174076928 - INFO - Successfully inserted [('BlackJack', -167.125)] into table [transactions]
2023-12-04 12:29:57,795 - 6174076928 - INFO - Dealer in Blackjack table [1]: [0]
2023-12-04 12:29:57,839 - 6174076928 - INFO - Customers in Blackjack table [1]: [[47, 12]]
2023-12-04 12:29:57,864 - 6174076928 - INFO - Customer [47] updated bankroll: [626350.0]
2023-12-04 12:29:57,889 - 6174076928 - INFO - Customer [12] updated bankroll: [924386]
2023-12-04 12:29:58,741 - 11690323968 - INFO - Customer [4]: Ordered drink
2023-12-04 12:29:58,910 - 6174076928 - INFO - Customer [47] updated bankroll: [626891.0]
2023-12-04 12:29:58,941 - 6174076928 - INFO - Customer [12] updated bankroll: [925078]
2023-12-04 12:29:59,055 - 6174076928 - INFO - Successfully inserted [('BlackJack', 1233)] into table [transactions]
2023-12-04 12:29:59,742 - 10922487808 - INFO - Customer [46]: Ordered drink
2023-12-04 12:30:00,581 - 6174076928 - INFO - Dealer in Blackjack table [1]: [0]
2023-12-04 12:30:00,612 - 6174076928 - INFO - Customers in Blackjack table [1]: [[47, 12]]
2023-12-04 12:30:00,631 - 6174076928 - INFO - Customer [47] updated bankroll: [626350.0]
2023-12-04 12:30:00,656 - 6174076928 - INFO - Customer [12] updated bankroll: [924386]
2023-12-04 12:30:00,844 - 10972966912 - INFO - Customer [49]: Ordered drink
2023-12-04 12:30:01,257 - 11707150336 - INFO - Customer [5]: Ordered drink
2023-12-04 12:30:01,345 - 11791282176 - INFO - Customer [10]: Ordered drink
2023-12-04 12:30:01,683 - 6174076928 - INFO - Customer [47] updated bankroll: [627110.0]
2023-12-04 12:30:01,702 - 6174076928 - INFO - Customer [12] updated bankroll: [925079.5625]
2023-12-04 12:30:01,791 - 6174076928 - INFO - Successfully inserted [('BlackJack', -1453.5625)] into table [transactions]
2023-12-04 12:30:02,949 - 6174076928 - INFO - Dealer in Blackjack table [1]: [0]
2023-12-04 12:30:02,960 - 6174076928 - INFO - Customers in Blackjack table [1]: [[47, 12]]
2023-12-04 12:30:02,973 - 6174076928 - INFO - Customer [47] updated bankroll: [627870.0]
2023-12-04 12:30:02,979 - 6174076928 - INFO - Customer [12] updated bankroll: [925773.125]
2023-12-04 12:30:03,986 - 6174076928 - INFO - Customer [47] updated bankroll: [628813.0]
2023-12-04 12:30:04,049 - 6174076928 - INFO - Customer [12] updated bankroll: [926496.125]
2023-12-04 12:30:04,169 - 6174076928 - INFO - Successfully inserted [('BlackJack', -1666)] into table [transactions]
2023-12-04 12:30:04,988 - 10855182336 - INFO - Customer [42]: Ordered drink
2023-12-04 12:30:05,276 - 6174076928 - INFO - Dealer in Blackjack table [1]: [0]
2023-12-04 12:30:05,295 - 6174076928 - INFO - Customers in Blackjack table [1]: [[47, 12]]
2023-12-04 12:30:05,295 - 6174076928 - INFO - Customer [47] updated bankroll: [629756.0]
2023-12-04 12:30:05,295 - 6174076928 - INFO - Customer [12] updated bankroll: [927219.125]
2023-12-04 12:30:05,419 - 10872008704 - INFO - Customer [43]: Ordered drink
2023-12-04 12:30:06,302 - 6174076928 - INFO - Customer [47] updated bankroll: [630738.0]
2023-12-04 12:30:06,339 - 6174076928 - INFO - Customer [12] updated bankroll: [928177.125]
2023-12-04 12:30:06,435 - 6174076928 - INFO - Successfully inserted [('BlackJack', -1940)] into table [transactions]
2023-12-04 12:30:08,192 - 6174076928 - INFO - Dealer in Blackjack table [1]: [0]
2023-12-04 12:30:08,224 - 6174076928 - INFO - Customers in Blackjack table [1]: [[47, 12]]
2023-12-04 12:30:08,243 - 6174076928 - INFO - Customer [47] updated bankroll: [631720.0]
2023-12-04 12:30:08,255 - 6174076928 - INFO - Customer [12] updated bankroll: [929135.125]
2023-12-04 12:30:09,294 - 6174076928 - INFO - Customer [47] updated bankroll: [632388.25]
2023-12-04 12:30:09,326 - 6174076928 - INFO - Customer [12] updated bankroll: [929802.125]
2023-12-04 12:30:09,433 - 6174076928 - INFO - Successfully inserted [('BlackJack', 1.25)] into table [transactions]
2023-12-04 12:30:10,484 - 6174076928 - INFO - Dealer in Blackjack table [1]: [0]
2023-12-04 12:30:10,503 - 6174076928 - INFO - Customers in Blackjack table [1]: [[47, 12]]
2023-12-04 12:30:10,547 - 6174076928 - INFO - Customer [47] updated bankroll: [631720.0]
2023-12-04 12:30:10,572 - 6174076928 - INFO - Customer [12] updated bankroll: [930469.125]
2023-12-04 12:30:11,586 - 6174076928 - INFO - Customer [47] updated bankroll: [632236.375]
2023-12-04 12:30:11,630 - 6174076928 - INFO - Customer [12] updated bankroll: [931233.125]
2023-12-04 12:30:11,782 - 6174076928 - INFO - Successfully inserted [('BlackJack', 1280.375)] into table [transactions]
2023-12-04 12:30:12,833 - 6174076928 - INFO - Dealer in Blackjack table [1]: [0]
2023-12-04 12:30:12,852 - 6174076928 - INFO - Customers in Blackjack table [1]: [[47, 12]]
2023-12-04 12:30:12,865 - 6174076928 - INFO - Customer [47] updated bankroll: [631720.0]
2023-12-04 12:30:12,883 - 6174076928 - INFO - Customer [12] updated bankroll: [930469.125]
2023-12-04 12:30:13,929 - 6174076928 - INFO - Customer [47] updated bankroll: [632655.0]
2023-12-04 12:30:13,979 - 6174076928 - INFO - Customer [12] updated bankroll: [931177.875]
2023-12-04 12:30:14,062 - 6174076928 - INFO - Successfully inserted [('BlackJack', -1643.75)] into table [transactions]
2023-12-04 12:30:15,114 - 6174076928 - INFO - Dealer in Blackjack table [1]: [0]
2023-12-04 12:30:15,189 - 6174076928 - INFO - Customers in Blackjack table [1]: [[47, 12]]
2023-12-04 12:30:15,220 - 6174076928 - INFO - Customer [47] updated bankroll: [633590.0]
2023-12-04 12:30:15,258 - 6174076928 - INFO - Customer [12] updated bankroll: [931886.625]
2023-12-04 12:30:15,452 - 10872008704 - INFO - Customer [43]: Went to bathroom
2023-12-04 12:30:16,303 - 6174076928 - INFO - Customer [47] updated bankroll: [634128.5]
2023-12-04 12:30:16,316 - 6174076928 - INFO - Customer [12] updated bankroll: [932577.625]
2023-12-04 12:30:16,398 - 6174076928 - INFO - Successfully inserted [('BlackJack', 1229.5)] into table [transactions]
2023-12-04 12:30:17,493 - 6174076928 - INFO - Dealer in Blackjack table [1]: [0]
2023-12-04 12:30:17,512 - 6174076928 - INFO - Customers in Blackjack table [1]: [[47, 12]]
2023-12-04 12:30:17,531 - 6174076928 - INFO - Customer [47] updated bankroll: [633590.0]
2023-12-04 12:30:17,550 - 6174076928 - INFO - Customer [12] updated bankroll: [931886.625]
2023-12-04 12:30:18,570 - 6174076928 - INFO - Customer [47] updated bankroll: [634107.0]
2023-12-04 12:30:18,589 - 6174076928 - INFO - Customer [12] updated bankroll: [932490.75]
2023-12-04 12:30:18,785 - 6174076928 - INFO - Successfully inserted [('BlackJack', -1121.125)] into table [transactions]
2023-12-04 12:30:19,405 - 11791282176 - INFO - Customer [10]: Went to bathroom
2023-12-04 12:30:19,836 - 6174076928 - INFO - Dealer in Blackjack table [1]: [0]
2023-12-04 12:30:19,880 - 6174076928 - INFO - Customers in Blackjack table [1]: [[47, 12]]
2023-12-04 12:30:19,918 - 6174076928 - INFO - Customer [47] updated bankroll: [634624.0]
2023-12-04 12:30:19,918 - 6174076928 - INFO - Customer [12] updated bankroll: [933094.875]
2023-12-04 12:30:20,944 - 6174076928 - INFO - Customer [47] updated bankroll: [635484.0]
2023-12-04 12:30:21,007 - 6174076928 - INFO - Customer [12] updated bankroll: [933990.875]
2023-12-04 12:30:21,083 - 6174076928 - INFO - Successfully inserted [('BlackJack', 1756)] into table [transactions]
2023-12-04 12:30:22,128 - 6174076928 - INFO - Dealer in Blackjack table [1]: [0]
2023-12-04 12:30:22,147 - 6174076928 - INFO - Customers in Blackjack table [1]: [[47, 12]]
2023-12-04 12:30:22,153 - 6174076928 - INFO - Customer [47] updated bankroll: [634624.0]
2023-12-04 12:30:22,172 - 6174076928 - INFO - Customer [12] updated bankroll: [933094.875]
2023-12-04 12:30:23,193 - 6174076928 - INFO - Customer [47] updated bankroll: [635260.75]
2023-12-04 12:30:23,237 - 6174076928 - INFO - Customer [12] updated bankroll: [933860.875]
2023-12-04 12:30:23,363 - 6174076928 - INFO - Successfully inserted [('BlackJack', -129.25)] into table [transactions]
2023-12-04 12:30:24,408 - 6174076928 - INFO - Dealer in Blackjack table [1]: [0]
2023-12-04 12:30:24,476 - 6174076928 - INFO - Customers in Blackjack table [1]: [[47, 12]]
2023-12-04 12:30:24,495 - 6174076928 - INFO - Customer [47] updated bankroll: [634624.0]
2023-12-04 12:30:24,514 - 6174076928 - INFO - Customer [12] updated bankroll: [934626.875]
2023-12-04 12:30:25,541 - 6174076928 - INFO - Customer [47] updated bankroll: [635130.0]
2023-12-04 12:30:25,578 - 6174076928 - INFO - Customer [12] updated bankroll: [935539.875]
2023-12-04 12:30:25,699 - 6174076928 - INFO - Successfully inserted [('BlackJack', 407)] into table [transactions]
2023-12-04 12:30:26,770 - 6174076928 - INFO - Dealer in Blackjack table [1]: [0]
2023-12-04 12:30:26,789 - 6174076928 - INFO - Customers in Blackjack table [1]: [[47, 12]]
2023-12-04 12:30:26,789 - 6174076928 - INFO - Customer [47] updated bankroll: [635636.0]
2023-12-04 12:30:26,789 - 6174076928 - INFO - Customer [12] updated bankroll: [934626.875]
2023-12-04 12:30:27,809 - 6174076928 - INFO - Customer [47] updated bankroll: [636258.6875]
2023-12-04 12:30:27,821 - 6174076928 - INFO - Customer [12] updated bankroll: [935450.875]
2023-12-04 12:30:27,980 - 6174076928 - INFO - Successfully inserted [('BlackJack', 1446.6875)] into table [transactions]
2023-12-04 12:30:29,069 - 6174076928 - INFO - Dealer in Blackjack table [1]: [0]
2023-12-04 12:30:29,094 - 6174076928 - INFO - Customers in Blackjack table [1]: [[47, 12]]
2023-12-04 12:30:29,094 - 6174076928 - INFO - Customer [47] updated bankroll: [635636.0]
2023-12-04 12:30:29,094 - 6174076928 - INFO - Customer [12] updated bankroll: [934626.875]
2023-12-04 12:30:30,108 - 6174076928 - INFO - Customer [47] updated bankroll: [636590.0]
2023-12-04 12:30:30,121 - 6174076928 - INFO - Customer [12] updated bankroll: [935173.875]
2023-12-04 12:30:30,291 - 6174076928 - INFO - Successfully inserted [('BlackJack', -407)] into table [transactions]
2023-12-04 12:30:31,337 - 6174076928 - INFO - Dealer in Blackjack table [1]: [0]
2023-12-04 12:30:31,393 - 6174076928 - INFO - Customers in Blackjack table [1]: [[47, 12]]
2023-12-04 12:30:31,425 - 6174076928 - INFO - Customer [47] updated bankroll: [637544.0]
2023-12-04 12:30:31,425 - 6174076928 - INFO - Customer [12] updated bankroll: [934626.875]
2023-12-04 12:30:32,445 - 6174076928 - INFO - Customer [47] updated bankroll: [638205.0]
2023-12-04 12:30:32,470 - 6174076928 - INFO - Customer [12] updated bankroll: [935238.875]
2023-12-04 12:30:32,603 - 6174076928 - INFO - Successfully inserted [('BlackJack', 1273)] into table [transactions]
2023-12-04 12:30:34,168 - 6174076928 - INFO - Dealer in Blackjack table [1]: [0]
2023-12-04 12:30:34,211 - 6174076928 - INFO - Customers in Blackjack table [1]: [[47, 12]]
2023-12-04 12:30:34,211 - 6174076928 - INFO - Customer [47] updated bankroll: [637544.0]
2023-12-04 12:30:34,211 - 6174076928 - INFO - Customer [12] updated bankroll: [934626.875]
2023-12-04 12:30:35,223 - 6174076928 - INFO - Customer [47] updated bankroll: [638164.0]
2023-12-04 12:30:35,260 - 6174076928 - INFO - Customer [12] updated bankroll: [935335.875]
2023-12-04 12:30:35,406 - 6174076928 - INFO - Successfully inserted [('BlackJack', -89)] into table [transactions]
2023-12-04 12:30:36,495 - 6174076928 - INFO - Dealer in Blackjack table [1]: [0]
2023-12-04 12:30:36,539 - 6174076928 - INFO - Customers in Blackjack table [1]: [[47, 12]]
2023-12-04 12:30:36,539 - 6174076928 - INFO - Customer [47] updated bankroll: [637544.0]
2023-12-04 12:30:36,539 - 6174076928 - INFO - Customer [12] updated bankroll: [936044.875]
2023-12-04 12:30:37,560 - 6174076928 - INFO - Customer [47] updated bankroll: [638326.0]
2023-12-04 12:30:37,585 - 6174076928 - INFO - Customer [12] updated bankroll: [936712.375]
2023-12-04 12:30:37,673 - 6174076928 - INFO - Successfully inserted [('BlackJack', -1449.5)] into table [transactions]
2023-12-04 12:30:38,710 - 6258208768 - INFO - Dealer [3]: Thread finished
2023-12-04 12:30:38,710 - 12161462272 - INFO - Customer [34]: Left table
2023-12-04 12:30:38,710 - 6291861504 - INFO - Dealer [5]: Thread finished
2023-12-04 12:30:38,710 - 12060504064 - INFO - Customer [28]: Left table
2023-12-04 12:30:38,710 - 6308687872 - INFO - Dealer [6]: Thread finished
2023-12-04 12:30:38,710 - 11959545856 - INFO - Customer [21]: Left table
2023-12-04 12:30:38,711 - 6275035136 - INFO - Dealer [4]: Thread finished
2023-12-04 12:30:38,711 - 11993198592 - INFO - Customer [23]: Left table
2023-12-04 12:30:38,711 - 12161462272 - INFO - Customer [34]: Thread finished
2023-12-04 12:30:38,711 - 11757629440 - INFO - Customer [8]: Left table
2023-12-04 12:30:38,711 - 6342340608 - INFO - Dealer [8]: Thread finished
2023-12-04 12:30:38,711 - 12127809536 - INFO - Customer [32]: Left table
2023-12-04 12:30:38,711 - 6224556032 - INFO - Dealer [1]: Thread finished
2023-12-04 12:30:38,711 - 11673497600 - INFO - Customer [3]: Left table
2023-12-04 12:30:38,712 - 12060504064 - INFO - Customer [28]: Thread finished
2023-12-04 12:30:38,712 - 11740803072 - INFO - Customer [7]: Left table
2023-12-04 12:30:38,712 - 6241382400 - INFO - Dealer [2]: Thread finished
2023-12-04 12:30:38,712 - 11824934912 - INFO - Customer [13]: Left table
2023-12-04 12:30:38,712 - 12211941376 - INFO - Customer [37]: Left table
2023-12-04 12:30:38,712 - 6325514240 - INFO - Dealer [7]: Thread finished
2023-12-04 12:30:38,712 - 11942719488 - INFO - Customer [20]: Left table
2023-12-04 12:30:38,712 - 6207729664 - INFO - Dealer [0]: Thread finished
2023-12-04 12:30:38,712 - 11808108544 - INFO - Customer [11]: Left table
2023-12-04 12:30:38,712 - 11959545856 - INFO - Customer [21]: Thread finished
2023-12-04 12:30:38,712 - 6359166976 - INFO - Dealer [9]: Thread finished
2023-12-04 12:30:38,712 - 10855182336 - INFO - Customer [42]: Entered table queue
2023-12-04 12:30:38,712 - 10939314176 - INFO - Customer [47]: Left table
2023-12-04 12:30:38,713 - 11993198592 - INFO - Customer [23]: Thread finished
2023-12-04 12:30:38,713 - 10905661440 - INFO - Customer [45]: Left table
2023-12-04 12:30:38,713 - 11639844864 - INFO - Customer [1]: Left table
2023-12-04 12:30:38,713 - 11757629440 - INFO - Customer [8]: Thread finished
2023-12-04 12:30:38,713 - 11690323968 - INFO - Customer [4]: Entered table queue
2023-12-04 12:30:38,713 - 10922487808 - INFO - Customer [46]: Entered table queue
2023-12-04 12:30:38,713 - 6157250560 - INFO - Dealer in Roulette table [0]: [0]
2023-12-04 12:30:38,713 - 12127809536 - INFO - Customer [32]: Thread finished
2023-12-04 12:30:38,713 - 11673497600 - INFO - Customer [3]: Thread finished
2023-12-04 12:30:38,713 - 11740803072 - INFO - Customer [7]: Thread finished
2023-12-04 12:30:38,714 - 11824934912 - INFO - Customer [13]: Thread finished
2023-12-04 12:30:38,714 - 12211941376 - INFO - Customer [37]: Thread finished
2023-12-04 12:30:38,714 - 11942719488 - INFO - Customer [20]: Thread finished
2023-12-04 12:30:38,714 - 11808108544 - INFO - Customer [11]: Thread finished
2023-12-04 12:30:38,714 - 10939314176 - INFO - Customer [47]: Thread finished
2023-12-04 12:30:38,714 - 10905661440 - INFO - Customer [45]: Thread finished
2023-12-04 12:30:38,715 - 11639844864 - INFO - Customer [1]: Thread finished
2023-12-04 12:30:38,715 - 6157250560 - INFO - Customers in Roulette table [0]: [[34, 28, 52, 26, 30]]
2023-12-04 12:30:38,716 - 6157250560 - INFO - Customer [34] updated bankroll: [892294]
2023-12-04 12:30:38,716 - 6157250560 - INFO - Customer [28] updated bankroll: [702240]
2023-12-04 12:30:38,716 - 6157250560 - INFO - Customer [52] updated bankroll: [968964]
2023-12-04 12:30:38,716 - 6157250560 - INFO - Customer [26] updated bankroll: [1000]
2023-12-04 12:30:38,716 - 6157250560 - INFO - Customer [30] updated bankroll: [382201]
2023-12-04 12:30:39,717 - 6157250560 - INFO - Customer [34] updated bankroll: [892997.5]
2023-12-04 12:30:39,717 - 6157250560 - INFO - Customer [28] updated bankroll: [703147]
2023-12-04 12:30:39,717 - 6157250560 - INFO - Customer [52] updated bankroll: [969659.25]
2023-12-04 12:30:39,717 - 6157250560 - INFO - Customer [26] updated bankroll: [1282]
2023-12-04 12:30:39,717 - 6157250560 - INFO - Customer [30] updated bankroll: [382872.625]
2023-12-04 12:30:39,731 - 6157250560 - INFO - Successfully inserted [('Roulette', 3259.375)] into table [transactions]
2023-12-04 12:30:40,736 - 10872008704 - INFO - Customer [43]: Entered table queue
2023-12-04 12:30:40,737 - 10972966912 - INFO - Customer [49]: Entered table queue
2023-12-04 12:30:40,737 - 11023446016 - INFO - Customer [52]: Left table
2023-12-04 12:30:40,737 - 11791282176 - INFO - Customer [10]: Entered table queue
2023-12-04 12:30:40,737 - 11623018496 - INFO - Customer [12]: Left table
2023-12-04 12:30:40,737 - 11707150336 - INFO - Customer [5]: Entered table queue
2023-12-04 12:30:40,737 - 11023446016 - INFO - Customer [52]: Thread finished
2023-12-04 12:30:40,738 - 6190903296 - INFO - Dealer in Poker table [2]: [0]
2023-12-04 12:30:40,738 - 11623018496 - INFO - Customer [12]: Thread finished
2023-12-04 12:30:40,738 - 6190903296 - INFO - Customers in Poker table [2]: [[15, 25]]
2023-12-04 12:30:40,739 - 6190903296 - INFO - Customer [15] updated bankroll: [1000]
2023-12-04 12:30:40,739 - 6190903296 - INFO - Customer [25] updated bankroll: [328581]
2023-12-04 12:30:42,762 - 6190903296 - INFO - Successfully inserted [('Poker', 25.650000000000034)] into table [transactions]
2023-12-04 12:30:42,763 - 6190903296 - INFO - Customer [15] updated bankroll: [871]
2023-12-04 12:30:43,769 - 11858587648 - INFO - Customer [15]: Left table
2023-12-04 12:30:43,769 - 12026851328 - INFO - Customer [25]: Left table
2023-12-04 12:30:43,769 - 12043677696 - INFO - Customer [26]: Left table
2023-12-04 12:30:43,769 - 11858587648 - INFO - Customer [15]: Thread finished
2023-12-04 12:30:43,769 - 12094156800 - INFO - Customer [30]: Left table
2023-12-04 12:30:43,769 - 12026851328 - INFO - Customer [25]: Thread finished
2023-12-04 12:30:43,769 - 12043677696 - INFO - Customer [26]: Thread finished
2023-12-04 12:30:43,769 - 12094156800 - INFO - Customer [30]: Thread finished
2023-12-04 12:30:48,718 - 10855182336 - INFO - Customer [42]: Left table
2023-12-04 12:30:48,718 - 10922487808 - INFO - Customer [46]: Left table
2023-12-04 12:30:48,718 - 11690323968 - INFO - Customer [4]: Left table
2023-12-04 12:30:48,719 - 10855182336 - INFO - Customer [42]: Thread finished
2023-12-04 12:30:48,719 - 10922487808 - INFO - Customer [46]: Thread finished
2023-12-04 12:30:48,719 - 11690323968 - INFO - Customer [4]: Thread finished
2023-12-04 12:30:50,742 - 10872008704 - INFO - Customer [43]: Left table
2023-12-04 12:30:50,743 - 10972966912 - INFO - Customer [49]: Left table
2023-12-04 12:30:50,743 - 11791282176 - INFO - Customer [10]: Left table
2023-12-04 12:30:50,743 - 11707150336 - INFO - Customer [5]: Left table
2023-12-04 12:30:50,743 - 10872008704 - INFO - Customer [43]: Thread finished
2023-12-04 12:30:50,743 - 10972966912 - INFO - Customer [49]: Thread finished
2023-12-04 12:30:50,743 - 11791282176 - INFO - Customer [10]: Thread finished
2023-12-04 12:30:50,743 - 11707150336 - INFO - Customer [5]: Thread finished
2023-12-04 12:30:50,745 - 8393022976 - INFO - The Casino is now closed.
